\BOOKMARK [1][-]{section.1}{Introduction}{}% 1
\BOOKMARK [1][-]{section.2}{Theoretical Background}{}% 2
\BOOKMARK [2][-]{subsection.2.1}{Basics of particle physics}{section.2}% 3
\BOOKMARK [3][-]{subsubsection.2.1.1}{Basics of Standard Model of Particle Physics}{subsection.2.1}% 4
\BOOKMARK [3][-]{subsubsection.2.1.2}{Relativistic Kinematics}{subsection.2.1}% 5
\BOOKMARK [2][-]{subsection.2.2}{Bubble Chamber}{section.2}% 6
\BOOKMARK [2][-]{subsection.2.3}{Proton Proton interaction}{section.2}% 7
\BOOKMARK [3][-]{subsubsection.2.3.1}{Elastic and Inelastic Scattering}{subsection.2.3}% 8
\BOOKMARK [3][-]{subsubsection.2.3.2}{Cross-Section}{subsection.2.3}% 9
\BOOKMARK [3][-]{subsubsection.2.3.3}{Radiation Length}{subsection.2.3}% 10
\BOOKMARK [2][-]{subsection.2.4}{ Meson}{section.2}% 11
\BOOKMARK [3][-]{subsubsection.2.4.1}{Breit-Wigner Distribution}{subsection.2.4}% 12
\BOOKMARK [3][-]{subsubsection.2.4.2}{Gauss Distribution}{subsection.2.4}% 13
\BOOKMARK [3][-]{subsubsection.2.4.3}{Dalitz Plots}{subsection.2.4}% 14
\BOOKMARK [1][-]{section.3}{Experimental Set-Up and Measurements}{}% 15
\BOOKMARK [1][-]{section.4}{Analysis}{}% 16
\BOOKMARK [2][-]{subsection.4.1}{Properties of proton-proton interaction using 24GeV/c proton beam}{section.4}% 17
\BOOKMARK [3][-]{subsubsection.4.1.1}{Magnification}{subsection.4.1}% 18
\BOOKMARK [2][-]{subsection.4.2}{Weak decays}{section.4}% 19
\BOOKMARK [2][-]{subsection.4.3}{Determination of mass, lifetime, spin and parity of the \040meson}{section.4}% 20
\BOOKMARK [3][-]{subsubsection.4.3.1}{Bin Width}{subsection.4.3}% 21
\BOOKMARK [3][-]{subsubsection.4.3.2}{Experimental Resolution}{subsection.4.3}% 22
\BOOKMARK [1][-]{section.5}{Conclusion}{}% 23
\BOOKMARK [1][-]{section.6}{Appendix}{}% 24
